++++++++
CASE=case1
M_SPCOUNT=200
-------
OMP_NUM_THREADS=128

Stage 1 Computing time=272 ms
Stage 2 Computing time=0 ms
Stage 3 Computing time=0 ms
Stage 4.1 Computing time=222 ms
Stage 4.2 Computing time=106 ms
Stage 4 Computing time=348 ms
Stage 5.1 Computing time=7 ms
Stage 5.2 Computing time=113 ms
Stage 5 Computing time=129 ms
Computing time=753 ms
There are 0 points' labels are different from original file.
++++++++
CASE=case2
M_SPCOUNT=400
-------
OMP_NUM_THREADS=128

Stage 1 Computing time=541 ms
Stage 2 Computing time=0 ms
Stage 3 Computing time=0 ms
Stage 4.1 Computing time=505 ms
Stage 4.2 Computing time=227 ms
Stage 4 Computing time=760 ms
Stage 5.1 Computing time=16 ms
Stage 5.2 Computing time=217 ms
Stage 5 Computing time=244 ms
Computing time=1552 ms
There are 0 points' labels are different from original file.
++++++++
CASE=case3
M_SPCOUNT=150
-------
OMP_NUM_THREADS=128

Stage 1 Computing time=190 ms
Stage 2 Computing time=0 ms
Stage 3 Computing time=0 ms
Stage 4.1 Computing time=171 ms
Stage 4.2 Computing time=79 ms
Stage 4 Computing time=270 ms
Stage 5.1 Computing time=5 ms
Stage 5.2 Computing time=89 ms
Stage 5 Computing time=102 ms
Computing time=565 ms
There are 0 points' labels are different from original file.
